/sw/bioinfo/quast/5.0.2/rackham/bin/metaquast.py /home/cean4862/genome_analysis/analyses/02_assembly/Megahit_co_out2/final.contigs.fa -t 2 -o metaquast_out

Version: 5.0.2

System information:
  OS: Linux-3.10.0-1160.88.1.el7.x86_64-x86_64-with-centos-7.9.2009-Core (linux_64)
  Python version: 3.7.2
  CPUs number: 16

Started: 2023-04-26 13:11:02

Logging to /domus/h1/cean4862/genome_analysis/analyses/02_assembly/metaquast_out/metaquast.log

Contigs:
  Pre-processing...
  /home/cean4862/genome_analysis/analyses/02_assembly/Megahit_co_out2/final.contigs.fa ==> final.contigs

No references are provided, starting to search for reference genomes in SILVA 16S rRNA database and to download them from NCBI...

2023-04-26 13:11:23
Downloading blast (file: makeblastdb)...
blast successfully downloaded!
Downloading blast (file: blastn)...
blast successfully downloaded!
NOTICE: Permission denied accessing /sw/bioinfo/quast/5.0.2/rackham/lib/python3.7/site-packages/quast_libs/silva. Silva will be downloaded to home directory /home/cean4862/.quast

Downloading SILVA 16S ribosomal RNA gene database...
Processing downloaded file. Logging to /home/cean4862/.quast/silva/blastdb.log...
Unpacking and replacing " " with "_"...
gunzip -c /home/cean4862/.quast/silva/SILVA_123_SSURef_Nr99_tax_silva.fasta.gz > /home/cean4862/.quast/silva/SILVA_123_SSURef_Nr99_tax_silva.fasta.unpacked \
2>> /home/cean4862/.quast/silva/blastdb.log
Making BLAST database...
/home/cean4862/.quast/blast/makeblastdb -in /home/cean4862/.quast/silva/SILVA_123_SSURef_Nr99_tax_silva.fasta \
-dbtype nucl -out /home/cean4862/.quast/silva/silva.123.db >> /home/cean4862/.quast/silva/blastdb.log \
2>> /home/cean4862/.quast/silva/blastdb.log
Running BlastN..
  processing final.contigs
/home/cean4862/.quast/blast/blastn -query /home/cean4862/genome_analysis/analyses/02_assembly/Megahit_co_out2/final.contigs.fa \
-db /home/cean4862/.quast/silva/silva.123.db -outfmt 7 -num_threads 2 > metaquast_out/quast_downloaded_references/blast.res_final-contigs \
2>> metaquast_out/quast_downloaded_references/blast.err
  BLAST results for final.contigs are saved to /domus/h1/cean4862/genome_analysis/analyses/02_assembly/metaquast_out/quast_downloaded_references/blast.res_final-contigs...


2023-04-26 13:38:46
Trying to download found references from NCBI. Totally 50 organisms to try.
  unidentified_marine_bacterioplankton                     | not found in the NCBI database
  unidentified_marine_bacterioplankton was not found in NCBI database, trying to download the next best match
  Streptomyces_cyaneogriseus_subsp._noncyanogenus          | successfully downloaded (total 1, 49 more to go)
  unidentified_eubacterium_LD29                            | not found in the NCBI database
  unidentified_eubacterium_LD29 was not found in NCBI database, trying to download the next best match
  Prosthecobacter_vanneervenii                             | successfully downloaded (total 2, 48 more to go)
  saltmarsh_clone_LCP-89                                   | not found in the NCBI database
  saltmarsh_clone_LCP-89 was not found in NCBI database, trying to download the next best match
  Mycobacterium_tuberculosis_TKK_03_0029                   | successfully downloaded (total 3, 47 more to go)
microbial mat metagenome has too fragmented reference genome! It will not be downloaded.
  microbial_mat_metagenome                                 | not found in the NCBI database
  microbial_mat_metagenome was not found in NCBI database, trying to download the next best match
  bacterium_enrichment_culture_clone_AOM-SR-B32            | not found in the NCBI database
  bacterium_enrichment_culture_clone_AOM-SR-B32 was not found in NCBI database, trying to download the next best match
  Algibacter_sp._PAMC_27237                                | not found in the NCBI database
  Algibacter_sp._PAMC_27237 was not found in NCBI database, trying to download the next best match
  Alkaliflexus_imshenetskii                                | successfully downloaded (total 4, 46 more to go)
  marine_metagenome                                        | successfully downloaded (total 5, 45 more to go)
  marine_gamma_proteobacterium_HTCC2188                    | not found in the NCBI database
  marine_gamma_proteobacterium_HTCC2188 was not found in NCBI database, trying to download the next best match
  Uncultured_Pseudospirillum_sp                            | not found in the NCBI database
  Uncultured_Pseudospirillum_sp was not found in NCBI database, trying to download the next best match
  Pseudohongiella_spirulinae                               | successfully downloaded (total 6, 44 more to go)
  magnetic_coccus_MP17                                     | not found in the NCBI database
  magnetic_coccus_MP17 was not found in NCBI database, trying to download the next best match
  Aurantimonas_manganoxydans_SI85-9A1                      | successfully downloaded (total 7, 43 more to go)
  gamma_proteobacterium_SCGC_AB-629-P17                    | successfully downloaded (total 8, 42 more to go)
  endosymbiont_of_Chlamys_farreri                          | not found in the NCBI database
  endosymbiont_of_Chlamys_farreri was not found in NCBI database, trying to download the next best match
  Labrenzia_sp._WP69                                       | not found in the NCBI database
  Labrenzia_sp._WP69 was not found in NCBI database, trying to download the next best match
  Pseudovibrio_sp._SPO723                                  | not found in the NCBI database
  Pseudovibrio_sp._SPO723 was not found in NCBI database, trying to download the next best match
  Erythrobacter_sp._R-1-M-4-1                              | not found in the NCBI database
  denitrifying_bacterium_enrichment_culture_clone_NOB_2_C9 | not found in the NCBI database
  denitrifying_bacterium_enrichment_culture_clone_NOB_2_C9 was not found in NCBI database, trying to download the next best match
  Desulfocurvus_vexinensis                                 | successfully downloaded (total 9, 40 more to go)
bioreactor metagenome has too fragmented reference genome! It will not be downloaded.
  bioreactor_metagenome                                    | not found in the NCBI database
  bioreactor_metagenome was not found in NCBI database, trying to download the next best match
  bacterium_enrichment_culture_clone_AOM-SR-B3             | not found in the NCBI database
  bacterium_enrichment_culture_clone_AOM-SR-B3 was not found in NCBI database, trying to download the next best match
wastewater metagenome has too fragmented reference genome! It will not be downloaded.
  wastewater_metagenome                                    | not found in the NCBI database
  wastewater_metagenome was not found in NCBI database, trying to download the next best match
  denitrifying_bacterium_enrichment_culture_clone_NOB_2_E8 | not found in the NCBI database
  bacterium_enrichment_culture_clone_136(2011)             | not found in the NCBI database
  bacterium_enrichment_culture_clone_136(2011) was not found in NCBI database, trying to download the next best match
  bacterium_Ellin507                                       | not found in the NCBI database
  bacterium_Ellin507 was not found in NCBI database, trying to download the next best match
  bacterium_Ellin508                                       | not found in the NCBI database
  bacterium_endosymbiont_of_Abyssogena_southwardae         | not found in the NCBI database
  bacterium_endosymbiont_of_Abyssogena_southwardae was not found in NCBI database, trying to download the next best match
  Vesicomya_sp._mt-II_symbiont                             | not found in the NCBI database
  Vesicomya_sp._mt-II_symbiont was not found in NCBI database, trying to download the next best match
  Calyptogena_sp._Florida_gill_symbiont                    | not found in the NCBI database
  bacterium_WHC1-1                                         | not found in the NCBI database
  bacterium_WHC1-1 was not found in NCBI database, trying to download the next best match
  Rhodobacteraceae_bacterium_HIMB11                        | successfully downloaded (total 10, 36 more to go)
  bacterium_WH5-6                                          | not found in the NCBI database
  bacterium_WH5-6 was not found in NCBI database, trying to download the next best match
  Pirellula_sp                                             | not found in the NCBI database
  Pirellula_sp was not found in NCBI database, trying to download the next best match
  Rhodopirellula_sallentina_SM41                           | successfully downloaded (total 11, 35 more to go)
  bacterium_WH3-1                                          | not found in the NCBI database
  bacterium_WH3-1 was not found in NCBI database, trying to download the next best match
  Gracilibacteria_bacterium_JGI_0000069-P22                | successfully downloaded (total 12, 34 more to go)
  bacterium_SH1-3                                          | not found in the NCBI database
  bacterium_SH1-3 was not found in NCBI database, trying to download the next best match
  Fluviicola_taffensis_DSM_16823                           | successfully downloaded (total 13, 33 more to go)
  bacterium_DG890                                          | not found in the NCBI database
  bacterium_DG890 was not found in NCBI database, trying to download the next best match
  Owenweeksia_sp._CC-AMWY-103B                             | successfully downloaded (total 14, 32 more to go)
  alpha_proteobacterium_BAL199                             | successfully downloaded (total 15, 31 more to go)
  actinobacterium_WJ25                                     | not found in the NCBI database
  Zymomonas_mobilis                                        | successfully downloaded (total 16, 29 more to go)
  Vibrio_ponticus                                          | successfully downloaded (total 17, 28 more to go)
  Vibrio_coralliilyticus                                   | successfully downloaded (total 18, 27 more to go)
  Verrucomicrobia_bacterium_SCGC_AAA027-I19                | successfully downloaded (total 19, 26 more to go)
  Ulvibacter_litoralis                                     | successfully downloaded (total 20, 25 more to go)
  Thiohalobacter_thiocyanaticus                            | successfully downloaded (total 21, 24 more to go)
  Thiodictyon_elegans                                      | not found in the NCBI database
  Thiodictyon_elegans was not found in NCBI database, trying to download the next best match
  Thiodictyon_bacillosum                                   | not found in the NCBI database
  Thiodictyon_bacillosum was not found in NCBI database, trying to download the next best match
  Thiorhodococcus_drewsii_AZ1                              | successfully downloaded (total 22, 23 more to go)
  Thioalkalivibrio_sulfidiphilus_HL-EbGr7                  | successfully downloaded (total 23, 22 more to go)
  Thioalkalivibrio_sp._ALJ17                               | successfully downloaded (total 24, 21 more to go)
  Thioalkalivibrio_nitratis                                | not found in the NCBI database
  Thioalkalivibrio_nitratis was not found in NCBI database, trying to download the next best match
  Haliea_sp._DSW4-37                                       | not found in the NCBI database
  Haliea_sp._DSW4-37 was not found in NCBI database, trying to download the next best match
  Haliea_sp._DSW4-36                                       | not found in the NCBI database
  Haliea_sp._DSW4-36 was not found in NCBI database, trying to download the next best match
  Sus_scrofa_(pig)                                         | not found in the NCBI database
  Thalassobaculum_salexigens_DSM_19539                     | successfully downloaded (total 25, 19 more to go)
  Syntrophus_aciditrophicus                                | successfully downloaded (total 26, 18 more to go)
  Synechococcus_sp._WH_7805                                | successfully downloaded (total 27, 17 more to go)
  Synechococcus_sp._RCC307                                 | successfully downloaded (total 28, 16 more to go)
  Synechococcus_sp._MH305                                  | not found in the NCBI database
  Synechococcus_sp._MH305 was not found in NCBI database, trying to download the next best match
  Synechococcus_sp._MW73B4                                 | not found in the NCBI database
  Synechococcus_sp._MW73B4 was not found in NCBI database, trying to download the next best match
  Synechococcus_sp._MW74D3                                 | not found in the NCBI database
  Synechococcus_sp._MW74D3 was not found in NCBI database, trying to download the next best match
  Synechococcus_sp._MW77D1                                 | not found in the NCBI database
  Sulfitobacter_sp._NAS-14.1                               | successfully downloaded (total 29, 14 more to go)
  Stenotrophomonas_sp._canine_oral_taxon_224               | not found in the NCBI database
  Stenotrophomonas_sp._canine_oral_taxon_224 was not found in NCBI database, trying to download the next best match
  Xanthomonas_citri_subsp._malvacearum                     | successfully downloaded (total 30, 13 more to go)
  Sporosarcina_sp._EUR3_2.2.2                              | not found in the NCBI database
  Sporosarcina_sp._EUR3_2.2.2 was not found in NCBI database, trying to download the next best match
  Paenisporosarcina_macmurdoensis                          | not found in the NCBI database
  Paenisporosarcina_macmurdoensis was not found in NCBI database, trying to download the next best match
  Sporosarcina_sp._3061                                    | not found in the NCBI database
  Spongiibacter_tropicus_DSM_19543                         | successfully downloaded (total 31, 11 more to go)
  Sphingobium_sp._GR1                                      | not found in the NCBI database
  Sphingobium_sp._GR1 was not found in NCBI database, trying to download the next best match
  Sphingobium_sp._FL24                                     | not found in the NCBI database
  Sphingobium_sp._FL24 was not found in NCBI database, trying to download the next best match
  Sphingobium_sp._IT-4                                     | not found in the NCBI database
  Sphingobium_sp._IT-4 was not found in NCBI database, trying to download the next best match
  Sphingobium_czechense_LL01                               | successfully downloaded (total 32, 10 more to go)
  Sneathiella_glossodoripedis_JCM_23214                    | successfully downloaded (total 33, 9 more to go)
  Sneathiella_chinensis                                    | successfully downloaded (total 34, 8 more to go)
  Simiduia_agarivorans_SA1_=_DSM_21679                     | successfully downloaded (total 35, 7 more to go)
  Shewanella_waksmanii                                     | successfully downloaded (total 36, 6 more to go)
  Shewanella_amazonensis_SB2B                              | successfully downloaded (total 37, 5 more to go)
  Serratia_symbiotica                                      | successfully downloaded (total 38, 4 more to go)
  Sediminitomix_flava                                      | successfully downloaded (total 39, 3 more to go)
  Sediminibacter_sp._Hel_I_10                              | successfully downloaded (total 40, 2 more to go)
  Salinivibrio_costicola_subsp._vallismortis               | successfully downloaded (total 41, 1 more to go)
  Ruegeria_sp._ANG-S4                                      | successfully downloaded (total 42, 0 more to go)

Downloaded reference(s):
  /domus/h1/cean4862/genome_analysis/analyses/02_assembly/metaquast_out/quast_downloaded_references/Alkaliflexus_imshenetskii.fasta ==> Alkaliflexus_imshenetskii
  /domus/h1/cean4862/genome_analysis/analyses/02_assembly/metaquast_out/quast_downloaded_references/Aurantimonas_manganoxydans_SI85_9A1.fasta ==> Aurantimonas_manganoxydans_SI85_9A1
  /domus/h1/cean4862/genome_analysis/analyses/02_assembly/metaquast_out/quast_downloaded_references/Desulfocurvus_vexinensis.fasta ==> Desulfocurvus_vexinensis
  /domus/h1/cean4862/genome_analysis/analyses/02_assembly/metaquast_out/quast_downloaded_references/Fluviicola_taffensis_DSM_16823.fasta ==> Fluviicola_taffensis_DSM_16823
  /domus/h1/cean4862/genome_analysis/analyses/02_assembly/metaquast_out/quast_downloaded_references/Gracilibacteria_bacterium_JGI_0000069_P22.fasta ==> Gracilibacteria_bacterium_JGI_0000069_P22
  /domus/h1/cean4862/genome_analysis/analyses/02_assembly/metaquast_out/quast_downloaded_references/Mycobacterium_tuberculosis_TKK_03_0029.fasta ==> Mycobacterium_tuberculosis_TKK_03_0029
  /domus/h1/cean4862/genome_analysis/analyses/02_assembly/metaquast_out/quast_downloaded_references/Owenweeksia_sp._CC_AMWY_103B.fasta ==> Owenweeksia_sp._CC_AMWY_103B
  /domus/h1/cean4862/genome_analysis/analyses/02_assembly/metaquast_out/quast_downloaded_references/Prosthecobacter_vanneervenii.fasta ==> Prosthecobacter_vanneervenii
  /domus/h1/cean4862/genome_analysis/analyses/02_assembly/metaquast_out/quast_downloaded_references/Pseudohongiella_spirulinae.fasta ==> Pseudohongiella_spirulinae
  /domus/h1/cean4862/genome_analysis/analyses/02_assembly/metaquast_out/quast_downloaded_references/Rhodobacteraceae_bacterium_HIMB11.fasta ==> Rhodobacteraceae_bacterium_HIMB11
  /domus/h1/cean4862/genome_analysis/analyses/02_assembly/metaquast_out/quast_downloaded_references/Rhodopirellula_sallentina_SM41.fasta ==> Rhodopirellula_sallentina_SM41
  /domus/h1/cean4862/genome_analysis/analyses/02_assembly/metaquast_out/quast_downloaded_references/Ruegeria_sp._ANG_S4.fasta ==> Ruegeria_sp._ANG_S4
  /domus/h1/cean4862/genome_analysis/analyses/02_assembly/metaquast_out/quast_downloaded_references/Salinivibrio_costicola_subsp._vallismortis.fasta ==> Salinivibrio_costicola_subsp._vallismortis
  /domus/h1/cean4862/genome_analysis/analyses/02_assembly/metaquast_out/quast_downloaded_references/Sediminibacter_sp._Hel_I_10.fasta ==> Sediminibacter_sp._Hel_I_10
  /domus/h1/cean4862/genome_analysis/analyses/02_assembly/metaquast_out/quast_downloaded_references/Sediminitomix_flava.fasta ==> Sediminitomix_flava
  /domus/h1/cean4862/genome_analysis/analyses/02_assembly/metaquast_out/quast_downloaded_references/Serratia_symbiotica.fasta ==> Serratia_symbiotica
  /domus/h1/cean4862/genome_analysis/analyses/02_assembly/metaquast_out/quast_downloaded_references/Shewanella_amazonensis_SB2B.fasta ==> Shewanella_amazonensis_SB2B
  /domus/h1/cean4862/genome_analysis/analyses/02_assembly/metaquast_out/quast_downloaded_references/Shewanella_waksmanii.fasta ==> Shewanella_waksmanii
  /domus/h1/cean4862/genome_analysis/analyses/02_assembly/metaquast_out/quast_downloaded_references/Simiduia_agarivorans_SA1___DSM_21679.fasta ==> Simiduia_agarivorans_SA1___DSM_21679
  /domus/h1/cean4862/genome_analysis/analyses/02_assembly/metaquast_out/quast_downloaded_references/Sneathiella_chinensis.fasta ==> Sneathiella_chinensis
  /domus/h1/cean4862/genome_analysis/analyses/02_assembly/metaquast_out/quast_downloaded_references/Sneathiella_glossodoripedis_JCM_23214.fasta ==> Sneathiella_glossodoripedis_JCM_23214
  /domus/h1/cean4862/genome_analysis/analyses/02_assembly/metaquast_out/quast_downloaded_references/Sphingobium_czechense_LL01.fasta ==> Sphingobium_czechense_LL01
  /domus/h1/cean4862/genome_analysis/analyses/02_assembly/metaquast_out/quast_downloaded_references/Spongiibacter_tropicus_DSM_19543.fasta ==> Spongiibacter_tropicus_DSM_19543
  /domus/h1/cean4862/genome_analysis/analyses/02_assembly/metaquast_out/quast_downloaded_references/Streptomyces_cyaneogriseus_subsp._noncyanogenus.fasta ==> Streptomyces_cyaneogriseus_subsp._noncyanogenus
  /domus/h1/cean4862/genome_analysis/analyses/02_assembly/metaquast_out/quast_downloaded_references/Sulfitobacter_sp._NAS_14.1.fasta ==> Sulfitobacter_sp._NAS_14.1
  /domus/h1/cean4862/genome_analysis/analyses/02_assembly/metaquast_out/quast_downloaded_references/Synechococcus_sp._RCC307.fasta ==> Synechococcus_sp._RCC307
  /domus/h1/cean4862/genome_analysis/analyses/02_assembly/metaquast_out/quast_downloaded_references/Synechococcus_sp._WH_7805.fasta ==> Synechococcus_sp._WH_7805
  /domus/h1/cean4862/genome_analysis/analyses/02_assembly/metaquast_out/quast_downloaded_references/Syntrophus_aciditrophicus.fasta ==> Syntrophus_aciditrophicus
  /domus/h1/cean4862/genome_analysis/analyses/02_assembly/metaquast_out/quast_downloaded_references/Thalassobaculum_salexigens_DSM_19539.fasta ==> Thalassobaculum_salexigens_DSM_19539
  /domus/h1/cean4862/genome_analysis/analyses/02_assembly/metaquast_out/quast_downloaded_references/Thioalkalivibrio_sp._ALJ17.fasta ==> Thioalkalivibrio_sp._ALJ17
  /domus/h1/cean4862/genome_analysis/analyses/02_assembly/metaquast_out/quast_downloaded_references/Thioalkalivibrio_sulfidiphilus_HL_EbGr7.fasta ==> Thioalkalivibrio_sulfidiphilus_HL_EbGr7
  /domus/h1/cean4862/genome_analysis/analyses/02_assembly/metaquast_out/quast_downloaded_references/Thiohalobacter_thiocyanaticus.fasta ==> Thiohalobacter_thiocyanaticus
  /domus/h1/cean4862/genome_analysis/analyses/02_assembly/metaquast_out/quast_downloaded_references/Thiorhodococcus_drewsii_AZ1.fasta ==> Thiorhodococcus_drewsii_AZ1
  /domus/h1/cean4862/genome_analysis/analyses/02_assembly/metaquast_out/quast_downloaded_references/Ulvibacter_litoralis.fasta ==> Ulvibacter_litoralis
  /domus/h1/cean4862/genome_analysis/analyses/02_assembly/metaquast_out/quast_downloaded_references/Verrucomicrobia_bacterium_SCGC_AAA027_I19.fasta ==> Verrucomicrobia_bacterium_SCGC_AAA027_I19
  /domus/h1/cean4862/genome_analysis/analyses/02_assembly/metaquast_out/quast_downloaded_references/Vibrio_coralliilyticus.fasta ==> Vibrio_coralliilyticus
  /domus/h1/cean4862/genome_analysis/analyses/02_assembly/metaquast_out/quast_downloaded_references/Vibrio_ponticus.fasta ==> Vibrio_ponticus
  /domus/h1/cean4862/genome_analysis/analyses/02_assembly/metaquast_out/quast_downloaded_references/Xanthomonas_citri_subsp._malvacearum.fasta ==> Xanthomonas_citri_subsp._malvacearum
  /domus/h1/cean4862/genome_analysis/analyses/02_assembly/metaquast_out/quast_downloaded_references/Zymomonas_mobilis.fasta ==> Zymomonas_mobilis
  /domus/h1/cean4862/genome_analysis/analyses/02_assembly/metaquast_out/quast_downloaded_references/alpha_proteobacterium_BAL199.fasta ==> alpha_proteobacterium_BAL199
  /domus/h1/cean4862/genome_analysis/analyses/02_assembly/metaquast_out/quast_downloaded_references/gamma_proteobacterium_SCGC_AB_629_P17.fasta ==> gamma_proteobacterium_SCGC_AB_629_P17
  /domus/h1/cean4862/genome_analysis/analyses/02_assembly/metaquast_out/quast_downloaded_references/marine_metagenome.fasta ==> marine_metagenome
  All references were combined in combined_reference.fasta

Starting quast.py for the combined reference...
(logging to /domus/h1/cean4862/genome_analysis/analyses/02_assembly/metaquast_out/combined_reference/quast.log)

Excluding downloaded references with low genome fraction from further analysis..

Filtered reference(s):
  /domus/h1/cean4862/genome_analysis/analyses/02_assembly/metaquast_out/quast_downloaded_references/Synechococcus_sp._RCC307.fasta ==> Synechococcus_sp._RCC307
  /domus/h1/cean4862/genome_analysis/analyses/02_assembly/metaquast_out/quast_downloaded_references/Synechococcus_sp._WH_7805.fasta ==> Synechococcus_sp._WH_7805
  All references were combined in combined_reference.fasta

Starting quast.py for the corrected combined reference...
(logging to /domus/h1/cean4862/genome_analysis/analyses/02_assembly/metaquast_out/combined_reference/quast.log)

Partitioning contigs into bins aligned to each reference..
  processing final.contigs

Run QUAST on different references in parallel..

Starting quast.py for the contigs aligned to Synechococcus_sp._RCC307... (logging to /domus/h1/cean4862/genome_analysis/analyses/02_assembly/metaquast_out/runs_per_reference/Synechococcus_sp._RCC307/quast.log)

Starting quast.py for the contigs aligned to Synechococcus_sp._WH_7805... (logging to /domus/h1/cean4862/genome_analysis/analyses/02_assembly/metaquast_out/runs_per_reference/Synechococcus_sp._WH_7805/quast.log)

Starting quast.py for the contigs not aligned anywhere... (logging to /domus/h1/cean4862/genome_analysis/analyses/02_assembly/metaquast_out/not_aligned/quast.log)

2023-04-26 14:22:30
Summarizing results...
  Drawing # contigs metaQUAST summary plot...
    saved to /domus/h1/cean4862/genome_analysis/analyses/02_assembly/metaquast_out/summary/PDF/num_contigs.pdf
  Drawing Largest contig metaQUAST summary plot...
    saved to /domus/h1/cean4862/genome_analysis/analyses/02_assembly/metaquast_out/summary/PDF/Largest_contig.pdf
  Drawing Total length metaQUAST summary plot...
    saved to /domus/h1/cean4862/genome_analysis/analyses/02_assembly/metaquast_out/summary/PDF/Total_length.pdf
  Drawing Largest alignment metaQUAST summary plot...
    saved to /domus/h1/cean4862/genome_analysis/analyses/02_assembly/metaquast_out/summary/PDF/Largest_alignment.pdf
  Drawing Total aligned length metaQUAST summary plot...
    saved to /domus/h1/cean4862/genome_analysis/analyses/02_assembly/metaquast_out/summary/PDF/Total_aligned_length.pdf
  Drawing Total length (>= 1000 bp) metaQUAST summary plot...
    saved to /domus/h1/cean4862/genome_analysis/analyses/02_assembly/metaquast_out/summary/PDF/Total_length_(ge_1000_bp).pdf
  Drawing Total length (>= 10000 bp) metaQUAST summary plot...
    saved to /domus/h1/cean4862/genome_analysis/analyses/02_assembly/metaquast_out/summary/PDF/Total_length_(ge_10000_bp).pdf
  Drawing Total length (>= 50000 bp) metaQUAST summary plot...
    saved to /domus/h1/cean4862/genome_analysis/analyses/02_assembly/metaquast_out/summary/PDF/Total_length_(ge_50000_bp).pdf
  Drawing # misassemblies metaQUAST summary plot...
    saved to /domus/h1/cean4862/genome_analysis/analyses/02_assembly/metaquast_out/summary/PDF/num_misassemblies.pdf
  Drawing metaQUAST summary misassemblies plot for final.contigs...
    saved to /domus/h1/cean4862/genome_analysis/analyses/02_assembly/metaquast_out/summary/PDF/final-contigs_misassemblies.pdf
  Drawing Misassembled contigs length metaQUAST summary plot...
    saved to /domus/h1/cean4862/genome_analysis/analyses/02_assembly/metaquast_out/summary/PDF/Misassembled_contigs_length.pdf
  Drawing # mismatches per 100 kbp metaQUAST summary plot...
    saved to /domus/h1/cean4862/genome_analysis/analyses/02_assembly/metaquast_out/summary/PDF/num_mismatches_per_100_kbp.pdf
  Drawing # indels per 100 kbp metaQUAST summary plot...
    saved to /domus/h1/cean4862/genome_analysis/analyses/02_assembly/metaquast_out/summary/PDF/num_indels_per_100_kbp.pdf
  Drawing # N's per 100 kbp metaQUAST summary plot...
    saved to /domus/h1/cean4862/genome_analysis/analyses/02_assembly/metaquast_out/summary/PDF/num_Ns_per_100_kbp.pdf
  Drawing Genome fraction (%) metaQUAST summary plot...
    saved to /domus/h1/cean4862/genome_analysis/analyses/02_assembly/metaquast_out/summary/PDF/Genome_fraction.pdf
  Drawing Duplication ratio metaQUAST summary plot...
    saved to /domus/h1/cean4862/genome_analysis/analyses/02_assembly/metaquast_out/summary/PDF/Duplication_ratio.pdf
  Drawing NGA50 metaQUAST summary plot...
    saved to /domus/h1/cean4862/genome_analysis/analyses/02_assembly/metaquast_out/summary/PDF/NGA50.pdf
  Drawing LGA50 metaQUAST summary plot...
    saved to /domus/h1/cean4862/genome_analysis/analyses/02_assembly/metaquast_out/summary/PDF/LGA50.pdf

  Text versions of reports and plots for each metric (for all references and assemblies) are saved to /domus/h1/cean4862/genome_analysis/analyses/02_assembly/metaquast_out/summary/
  Icarus (contig browser) is saved to /domus/h1/cean4862/genome_analysis/analyses/02_assembly/metaquast_out/icarus.html
  Drawing interactive Krona plots...
  Krona chart for final.contigs is saved to /domus/h1/cean4862/genome_analysis/analyses/02_assembly/metaquast_out/krona_charts/final.contigs_taxonomy_chart.html
  Extended version of HTML-report (for all references and assemblies) is saved to /domus/h1/cean4862/genome_analysis/analyses/02_assembly/metaquast_out/report.html

MetaQUAST finished.
  Log is saved to /domus/h1/cean4862/genome_analysis/analyses/02_assembly/metaquast_out/metaquast.log

Finished: 2023-04-26 14:22:35
Elapsed time: 1:11:33.509252
Total NOTICEs: 9; WARNINGs: 1; non-fatal ERRORs: 0

Thank you for using QUAST!
