TrimmomaticPE: Started with arguments:
 /domus/h1/cean4862/genome_analysis/analyses/01_preprocessing/RNA_untrimmed_data/SRR4342137.1.fastq.gz /domus/h1/cean4862/genome_analysis/analyses/01_preprocessing/RNA_untrimmed_data/SRR4342137.1.fastq.gz **D1_fwd_paired.fq.gz D1_fwd_unpaired.fq.gz D1_rev_paired.fq.gz D1_rev_unpaired.fq.gz ILLUMINACLIP:TruSeq3-PE.fa:2:30:10:2:keepBothReads LEADING:3 TRAILING:3 MINLEN:36
java.io.FileNotFoundException: /domus/h1/cean4862/genome_analysis/analyses/01_preprocessing/trimmomatic/TruSeq3-PE.fa (No such file or directory)
	at java.io.FileInputStream.open0(Native Method)
	at java.io.FileInputStream.open(FileInputStream.java:195)
	at java.io.FileInputStream.<init>(FileInputStream.java:138)
	at org.usadellab.trimmomatic.fasta.FastaParser.parse(FastaParser.java:54)
	at org.usadellab.trimmomatic.trim.IlluminaClippingTrimmer.loadSequences(IlluminaClippingTrimmer.java:110)
	at org.usadellab.trimmomatic.trim.IlluminaClippingTrimmer.makeIlluminaClippingTrimmer(IlluminaClippingTrimmer.java:71)
	at org.usadellab.trimmomatic.trim.TrimmerFactory.makeTrimmer(TrimmerFactory.java:32)
	at org.usadellab.trimmomatic.Trimmomatic.createTrimmers(Trimmomatic.java:59)
	at org.usadellab.trimmomatic.TrimmomaticPE.run(TrimmomaticPE.java:552)
	at org.usadellab.trimmomatic.Trimmomatic.main(Trimmomatic.java:80)
Quality encoding detected as phred33
Input Read Pairs: 1304686 Both Surviving: 1300779 (99.70%) Forward Only Surviving: 0 (0.00%) Reverse Only Surviving: 0 (0.00%) Dropped: 3907 (0.30%)
TrimmomaticPE: Completed successfully
TrimmomaticPE: Started with arguments:
 /domus/h1/cean4862/genome_analysis/analyses/01_preprocessing/RNA_untrimmed_data/SRR4342139.1.fastq.gz /domus/h1/cean4862/genome_analysis/analyses/01_preprocessing/RNA_untrimmed_data/SRR4342139.1.fastq.gz **D3_fwd_paired.fq.gz D3_fwd_unpaired.fq.gz D3_rev_paired.fq.gz D3_rev_unpaired.fq.gz ILLUMINACLIP:TruSeq3-PE.fa:2:30:10:2:keepBothReads LEADING:3 TRAILING:3 MINLEN:36
java.io.FileNotFoundException: /domus/h1/cean4862/genome_analysis/analyses/01_preprocessing/trimmomatic/TruSeq3-PE.fa (No such file or directory)
	at java.io.FileInputStream.open0(Native Method)
	at java.io.FileInputStream.open(FileInputStream.java:195)
	at java.io.FileInputStream.<init>(FileInputStream.java:138)
	at org.usadellab.trimmomatic.fasta.FastaParser.parse(FastaParser.java:54)
	at org.usadellab.trimmomatic.trim.IlluminaClippingTrimmer.loadSequences(IlluminaClippingTrimmer.java:110)
	at org.usadellab.trimmomatic.trim.IlluminaClippingTrimmer.makeIlluminaClippingTrimmer(IlluminaClippingTrimmer.java:71)
	at org.usadellab.trimmomatic.trim.TrimmerFactory.makeTrimmer(TrimmerFactory.java:32)
	at org.usadellab.trimmomatic.Trimmomatic.createTrimmers(Trimmomatic.java:59)
	at org.usadellab.trimmomatic.TrimmomaticPE.run(TrimmomaticPE.java:552)
	at org.usadellab.trimmomatic.Trimmomatic.main(Trimmomatic.java:80)
Quality encoding detected as phred33
Input Read Pairs: 1213040 Both Surviving: 1209951 (99.75%) Forward Only Surviving: 0 (0.00%) Reverse Only Surviving: 0 (0.00%) Dropped: 3089 (0.25%)
TrimmomaticPE: Completed successfully
