mv: cannot move ‘/home/cean4862/genome_analysis/analyses/05_rnamapping/bams/10D1.bam.bai’ to ‘bams/indexed/’: No such file or directory
mv: cannot move ‘/home/cean4862/genome_analysis/analyses/05_rnamapping/bams/10D3.bam.bai’ to ‘bams/indexed/’: No such file or directory
mv: cannot move ‘/home/cean4862/genome_analysis/analyses/05_rnamapping/bams/11D1.bam.bai’ to ‘bams/indexed/’: No such file or directory
mv: cannot move ‘/home/cean4862/genome_analysis/analyses/05_rnamapping/bams/11D3.bam.bai’ to ‘bams/indexed/’: No such file or directory
mv: cannot move ‘/home/cean4862/genome_analysis/analyses/05_rnamapping/bams/12D1.bam.bai’ to ‘bams/indexed/’: No such file or directory
mv: cannot move ‘/home/cean4862/genome_analysis/analyses/05_rnamapping/bams/12D3.bam.bai’ to ‘bams/indexed/’: No such file or directory
mv: cannot move ‘/home/cean4862/genome_analysis/analyses/05_rnamapping/bams/13D1.bam.bai’ to ‘bams/indexed/’: No such file or directory
mv: cannot move ‘/home/cean4862/genome_analysis/analyses/05_rnamapping/bams/13D3.bam.bai’ to ‘bams/indexed/’: No such file or directory
mv: cannot move ‘/home/cean4862/genome_analysis/analyses/05_rnamapping/bams/14D1.bam.bai’ to ‘bams/indexed/’: No such file or directory
mv: cannot move ‘/home/cean4862/genome_analysis/analyses/05_rnamapping/bams/14D3.bam.bai’ to ‘bams/indexed/’: No such file or directory
mv: cannot move ‘/home/cean4862/genome_analysis/analyses/05_rnamapping/bams/15D1.bam.bai’ to ‘bams/indexed/’: No such file or directory
mv: cannot move ‘/home/cean4862/genome_analysis/analyses/05_rnamapping/bams/15D3.bam.bai’ to ‘bams/indexed/’: No such file or directory
mv: cannot move ‘/home/cean4862/genome_analysis/analyses/05_rnamapping/bams/16D1.bam.bai’ to ‘bams/indexed/’: No such file or directory
mv: cannot move ‘/home/cean4862/genome_analysis/analyses/05_rnamapping/bams/16D3.bam.bai’ to ‘bams/indexed/’: No such file or directory
mv: cannot move ‘/home/cean4862/genome_analysis/analyses/05_rnamapping/bams/17D1.bam.bai’ to ‘bams/indexed/’: No such file or directory
mv: cannot move ‘/home/cean4862/genome_analysis/analyses/05_rnamapping/bams/17D3.bam.bai’ to ‘bams/indexed/’: No such file or directory
mv: cannot move ‘/home/cean4862/genome_analysis/analyses/05_rnamapping/bams/18D1.bam.bai’ to ‘bams/indexed/’: No such file or directory
mv: cannot move ‘/home/cean4862/genome_analysis/analyses/05_rnamapping/bams/18D3.bam.bai’ to ‘bams/indexed/’: No such file or directory
mv: cannot move ‘/home/cean4862/genome_analysis/analyses/05_rnamapping/bams/19D1.bam.bai’ to ‘bams/indexed/’: No such file or directory
mv: cannot move ‘/home/cean4862/genome_analysis/analyses/05_rnamapping/bams/19D3.bam.bai’ to ‘bams/indexed/’: No such file or directory
mv: cannot move ‘/home/cean4862/genome_analysis/analyses/05_rnamapping/bams/1D1.bam.bai’ to ‘bams/indexed/’: No such file or directory
mv: cannot move ‘/home/cean4862/genome_analysis/analyses/05_rnamapping/bams/1D3.bam.bai’ to ‘bams/indexed/’: No such file or directory
mv: cannot move ‘/home/cean4862/genome_analysis/analyses/05_rnamapping/bams/20D1.bam.bai’ to ‘bams/indexed/’: No such file or directory
mv: cannot move ‘/home/cean4862/genome_analysis/analyses/05_rnamapping/bams/20D3.bam.bai’ to ‘bams/indexed/’: No such file or directory
mv: cannot move ‘/home/cean4862/genome_analysis/analyses/05_rnamapping/bams/21D1.bam.bai’ to ‘bams/indexed/’: No such file or directory
mv: cannot move ‘/home/cean4862/genome_analysis/analyses/05_rnamapping/bams/21D3.bam.bai’ to ‘bams/indexed/’: No such file or directory
mv: cannot move ‘/home/cean4862/genome_analysis/analyses/05_rnamapping/bams/22D1.bam.bai’ to ‘bams/indexed/’: No such file or directory
mv: cannot move ‘/home/cean4862/genome_analysis/analyses/05_rnamapping/bams/22D3.bam.bai’ to ‘bams/indexed/’: No such file or directory
mv: cannot move ‘/home/cean4862/genome_analysis/analyses/05_rnamapping/bams/23D1.bam.bai’ to ‘bams/indexed/’: No such file or directory
mv: cannot move ‘/home/cean4862/genome_analysis/analyses/05_rnamapping/bams/23D3.bam.bai’ to ‘bams/indexed/’: No such file or directory
mv: cannot move ‘/home/cean4862/genome_analysis/analyses/05_rnamapping/bams/24D1.bam.bai’ to ‘bams/indexed/’: No such file or directory
mv: cannot move ‘/home/cean4862/genome_analysis/analyses/05_rnamapping/bams/24D3.bam.bai’ to ‘bams/indexed/’: No such file or directory
mv: cannot move ‘/home/cean4862/genome_analysis/analyses/05_rnamapping/bams/25D1.bam.bai’ to ‘bams/indexed/’: No such file or directory
mv: cannot move ‘/home/cean4862/genome_analysis/analyses/05_rnamapping/bams/25D3.bam.bai’ to ‘bams/indexed/’: No such file or directory
mv: cannot move ‘/home/cean4862/genome_analysis/analyses/05_rnamapping/bams/26D1.bam.bai’ to ‘bams/indexed/’: No such file or directory
mv: cannot move ‘/home/cean4862/genome_analysis/analyses/05_rnamapping/bams/26D3.bam.bai’ to ‘bams/indexed/’: No such file or directory
mv: cannot move ‘/home/cean4862/genome_analysis/analyses/05_rnamapping/bams/27D1.bam.bai’ to ‘bams/indexed/’: No such file or directory
mv: cannot move ‘/home/cean4862/genome_analysis/analyses/05_rnamapping/bams/27D3.bam.bai’ to ‘bams/indexed/’: No such file or directory
mv: cannot move ‘/home/cean4862/genome_analysis/analyses/05_rnamapping/bams/28D1.bam.bai’ to ‘bams/indexed/’: No such file or directory
mv: cannot move ‘/home/cean4862/genome_analysis/analyses/05_rnamapping/bams/28D3.bam.bai’ to ‘bams/indexed/’: No such file or directory
mv: cannot move ‘/home/cean4862/genome_analysis/analyses/05_rnamapping/bams/29D1.bam.bai’ to ‘bams/indexed/’: No such file or directory
mv: cannot move ‘/home/cean4862/genome_analysis/analyses/05_rnamapping/bams/29D3.bam.bai’ to ‘bams/indexed/’: No such file or directory
mv: cannot move ‘/home/cean4862/genome_analysis/analyses/05_rnamapping/bams/2D1.bam.bai’ to ‘bams/indexed/’: No such file or directory
mv: cannot move ‘/home/cean4862/genome_analysis/analyses/05_rnamapping/bams/2D3.bam.bai’ to ‘bams/indexed/’: No such file or directory
mv: cannot move ‘/home/cean4862/genome_analysis/analyses/05_rnamapping/bams/30D1.bam.bai’ to ‘bams/indexed/’: No such file or directory
mv: cannot move ‘/home/cean4862/genome_analysis/analyses/05_rnamapping/bams/30D3.bam.bai’ to ‘bams/indexed/’: No such file or directory
mv: cannot move ‘/home/cean4862/genome_analysis/analyses/05_rnamapping/bams/31D1.bam.bai’ to ‘bams/indexed/’: No such file or directory
mv: cannot move ‘/home/cean4862/genome_analysis/analyses/05_rnamapping/bams/31D3.bam.bai’ to ‘bams/indexed/’: No such file or directory
mv: cannot move ‘/home/cean4862/genome_analysis/analyses/05_rnamapping/bams/32D1.bam.bai’ to ‘bams/indexed/’: No such file or directory
mv: cannot move ‘/home/cean4862/genome_analysis/analyses/05_rnamapping/bams/32D3.bam.bai’ to ‘bams/indexed/’: No such file or directory
mv: cannot move ‘/home/cean4862/genome_analysis/analyses/05_rnamapping/bams/33D1.bam.bai’ to ‘bams/indexed/’: No such file or directory
mv: cannot move ‘/home/cean4862/genome_analysis/analyses/05_rnamapping/bams/33D3.bam.bai’ to ‘bams/indexed/’: No such file or directory
mv: cannot move ‘/home/cean4862/genome_analysis/analyses/05_rnamapping/bams/34D1.bam.bai’ to ‘bams/indexed/’: No such file or directory
mv: cannot move ‘/home/cean4862/genome_analysis/analyses/05_rnamapping/bams/34D3.bam.bai’ to ‘bams/indexed/’: No such file or directory
mv: cannot move ‘/home/cean4862/genome_analysis/analyses/05_rnamapping/bams/35D1.bam.bai’ to ‘bams/indexed/’: No such file or directory
mv: cannot move ‘/home/cean4862/genome_analysis/analyses/05_rnamapping/bams/35D3.bam.bai’ to ‘bams/indexed/’: No such file or directory
mv: cannot move ‘/home/cean4862/genome_analysis/analyses/05_rnamapping/bams/36D1.bam.bai’ to ‘bams/indexed/’: No such file or directory
mv: cannot move ‘/home/cean4862/genome_analysis/analyses/05_rnamapping/bams/36D3.bam.bai’ to ‘bams/indexed/’: No such file or directory
mv: cannot move ‘/home/cean4862/genome_analysis/analyses/05_rnamapping/bams/37D1.bam.bai’ to ‘bams/indexed/’: No such file or directory
mv: cannot move ‘/home/cean4862/genome_analysis/analyses/05_rnamapping/bams/37D3.bam.bai’ to ‘bams/indexed/’: No such file or directory
mv: cannot move ‘/home/cean4862/genome_analysis/analyses/05_rnamapping/bams/38D1.bam.bai’ to ‘bams/indexed/’: No such file or directory
mv: cannot move ‘/home/cean4862/genome_analysis/analyses/05_rnamapping/bams/38D3.bam.bai’ to ‘bams/indexed/’: No such file or directory
mv: cannot move ‘/home/cean4862/genome_analysis/analyses/05_rnamapping/bams/39D1.bam.bai’ to ‘bams/indexed/’: No such file or directory
mv: cannot move ‘/home/cean4862/genome_analysis/analyses/05_rnamapping/bams/39D3.bam.bai’ to ‘bams/indexed/’: No such file or directory
mv: cannot move ‘/home/cean4862/genome_analysis/analyses/05_rnamapping/bams/3D1.bam.bai’ to ‘bams/indexed/’: No such file or directory
mv: cannot move ‘/home/cean4862/genome_analysis/analyses/05_rnamapping/bams/3D3.bam.bai’ to ‘bams/indexed/’: No such file or directory
mv: cannot move ‘/home/cean4862/genome_analysis/analyses/05_rnamapping/bams/40D1.bam.bai’ to ‘bams/indexed/’: No such file or directory
mv: cannot move ‘/home/cean4862/genome_analysis/analyses/05_rnamapping/bams/40D3.bam.bai’ to ‘bams/indexed/’: No such file or directory
mv: cannot move ‘/home/cean4862/genome_analysis/analyses/05_rnamapping/bams/41D1.bam.bai’ to ‘bams/indexed/’: No such file or directory
mv: cannot move ‘/home/cean4862/genome_analysis/analyses/05_rnamapping/bams/41D3.bam.bai’ to ‘bams/indexed/’: No such file or directory
mv: cannot move ‘/home/cean4862/genome_analysis/analyses/05_rnamapping/bams/42D1.bam.bai’ to ‘bams/indexed/’: No such file or directory
mv: cannot move ‘/home/cean4862/genome_analysis/analyses/05_rnamapping/bams/42D3.bam.bai’ to ‘bams/indexed/’: No such file or directory
mv: cannot move ‘/home/cean4862/genome_analysis/analyses/05_rnamapping/bams/43D1.bam.bai’ to ‘bams/indexed/’: No such file or directory
mv: cannot move ‘/home/cean4862/genome_analysis/analyses/05_rnamapping/bams/43D3.bam.bai’ to ‘bams/indexed/’: No such file or directory
mv: cannot move ‘/home/cean4862/genome_analysis/analyses/05_rnamapping/bams/44D1.bam.bai’ to ‘bams/indexed/’: No such file or directory
mv: cannot move ‘/home/cean4862/genome_analysis/analyses/05_rnamapping/bams/44D3.bam.bai’ to ‘bams/indexed/’: No such file or directory
mv: cannot move ‘/home/cean4862/genome_analysis/analyses/05_rnamapping/bams/45D1.bam.bai’ to ‘bams/indexed/’: No such file or directory
mv: cannot move ‘/home/cean4862/genome_analysis/analyses/05_rnamapping/bams/45D3.bam.bai’ to ‘bams/indexed/’: No such file or directory
mv: cannot move ‘/home/cean4862/genome_analysis/analyses/05_rnamapping/bams/46D1.bam.bai’ to ‘bams/indexed/’: No such file or directory
mv: cannot move ‘/home/cean4862/genome_analysis/analyses/05_rnamapping/bams/46D3.bam.bai’ to ‘bams/indexed/’: No such file or directory
mv: cannot move ‘/home/cean4862/genome_analysis/analyses/05_rnamapping/bams/47D1.bam.bai’ to ‘bams/indexed/’: No such file or directory
mv: cannot move ‘/home/cean4862/genome_analysis/analyses/05_rnamapping/bams/47D3.bam.bai’ to ‘bams/indexed/’: No such file or directory
mv: cannot move ‘/home/cean4862/genome_analysis/analyses/05_rnamapping/bams/48D1.bam.bai’ to ‘bams/indexed/’: No such file or directory
mv: cannot move ‘/home/cean4862/genome_analysis/analyses/05_rnamapping/bams/48D3.bam.bai’ to ‘bams/indexed/’: No such file or directory
mv: cannot move ‘/home/cean4862/genome_analysis/analyses/05_rnamapping/bams/4D1.bam.bai’ to ‘bams/indexed/’: No such file or directory
mv: cannot move ‘/home/cean4862/genome_analysis/analyses/05_rnamapping/bams/4D3.bam.bai’ to ‘bams/indexed/’: No such file or directory
mv: cannot move ‘/home/cean4862/genome_analysis/analyses/05_rnamapping/bams/5D1.bam.bai’ to ‘bams/indexed/’: No such file or directory
mv: cannot move ‘/home/cean4862/genome_analysis/analyses/05_rnamapping/bams/5D3.bam.bai’ to ‘bams/indexed/’: No such file or directory
mv: cannot move ‘/home/cean4862/genome_analysis/analyses/05_rnamapping/bams/6D1.bam.bai’ to ‘bams/indexed/’: No such file or directory
mv: cannot move ‘/home/cean4862/genome_analysis/analyses/05_rnamapping/bams/6D3.bam.bai’ to ‘bams/indexed/’: No such file or directory
mv: cannot move ‘/home/cean4862/genome_analysis/analyses/05_rnamapping/bams/7D1.bam.bai’ to ‘bams/indexed/’: No such file or directory
mv: cannot move ‘/home/cean4862/genome_analysis/analyses/05_rnamapping/bams/7D3.bam.bai’ to ‘bams/indexed/’: No such file or directory
mv: cannot move ‘/home/cean4862/genome_analysis/analyses/05_rnamapping/bams/8D1.bam.bai’ to ‘bams/indexed/’: No such file or directory
mv: cannot move ‘/home/cean4862/genome_analysis/analyses/05_rnamapping/bams/8D3.bam.bai’ to ‘bams/indexed/’: No such file or directory
mv: cannot move ‘/home/cean4862/genome_analysis/analyses/05_rnamapping/bams/9D1.bam.bai’ to ‘bams/indexed/’: No such file or directory
mv: cannot move ‘/home/cean4862/genome_analysis/analyses/05_rnamapping/bams/9D3.bam.bai’ to ‘bams/indexed/’: No such file or directory
[E::hts_hopen] Failed to open file /home/cean4862/genome_analysis/analyses/05_rnamapping/bams/indexed
[E::hts_open_format] Failed to open file "/home/cean4862/genome_analysis/analyses/05_rnamapping/bams/indexed" : Is a directory
samtools index: failed to open "/home/cean4862/genome_analysis/analyses/05_rnamapping/bams/indexed": Is a directory
mv: cannot stat ‘/home/cean4862/genome_analysis/analyses/05_rnamapping/bams/indexed.bai’: No such file or directory
samtools index: "/home/cean4862/genome_analysis/analyses/05_rnamapping/bams/indexed.sh" is in a format that cannot be usefully indexed
mv: cannot stat ‘/home/cean4862/genome_analysis/analyses/05_rnamapping/bams/indexed.sh.bai’: No such file or directory
samtools index: "/home/cean4862/genome_analysis/analyses/05_rnamapping/bams/slurm-7866222.out" is in a format that cannot be usefully indexed
mv: cannot stat ‘/home/cean4862/genome_analysis/analyses/05_rnamapping/bams/slurm-7866222.out.bai’: No such file or directory
